2024-07-03T17:23:37.678Z error: [4m[31mError: Cannot read properties of undefined (reading 'connection')[39m[24m
2024-07-03T17:23:48.608Z error: MongoDB connection error: Cannot access 'connecting' before initialization
2024-07-03T17:23:58.337Z error: [4m[31mMongoDB connection error: Cannot access 'connecting' before initialization[39m[24m
2024-07-03T17:24:15.914Z error: [4m[31mMongoDB connection error: Cannot access 'connecting' before initialization[39m[24m
2024-07-03T17:24:31.084Z error: [4m[31mMongoDB connection error: Cannot access 'connecting' before initialization[39m[24m
2024-07-03T17:24:33.457Z error: [4m[31mMongoDB connection error: Cannot access 'connecting' before initialization[39m[24m
2024-07-03T17:25:17.312Z error: [4m[31mMongoDB connection error: Cannot access 'connecting' before initialization[39m[24m
2024-07-03T17:25:21.826Z error: [4m[31mMongoDB connection error: Cannot access 'connecting' before initialization[39m[24m
2024-07-03T17:25:33.857Z error: [4m[31mMongoDB connection error: Cannot access 'connecting' before initialization[39m[24m
2024-07-03T17:25:36.145Z error: [4m[31mMongoDB connection error: Cannot access 'connecting' before initialization[39m[24m
2024-07-03T17:25:45.200Z error: [4m[31mMongoDB connection error: Cannot access 'connecting' before initialization[39m[24m
2024-07-03T17:26:28.983Z error: [4m[31mMongoDB connection error: Cannot access 'connecting' before initialization[39m[24m
2024-07-03T17:26:38.862Z error: [4m[31mMongoDB connection error: Cannot access 'connecting' before initialization[39m[24m
2024-07-07T13:16:10.075Z error: [4m[31mMongoDB connection error: connect ETIMEDOUT 15.184.102.209:27017[39m[24m
2024-07-27T03:31:27.276Z error: [4m[31mMongoDB connection error: bad auth : authentication failed[39m[24m
2024-07-27T03:32:34.027Z error: [4m[31mMongoDB connection error: bad auth : authentication failed[39m[24m
2024-07-31T06:05:17.670Z error: [4m[31mMongoDB connection error: querySrv ETIMEOUT _mongodb._tcp.airventnavoi.9ev8bio.mongodb.net[39m[24m
2024-08-13T05:50:11.025Z error: [4m[31mMongoDB connection error: Could not connect to any servers in your MongoDB Atlas cluster. One common reason is that you're trying to access the database from an IP that isn't whitelisted. Make sure your current IP address is on your Atlas cluster's IP whitelist: https://www.mongodb.com/docs/atlas/security-whitelist/[39m[24m
2024-08-20T06:04:49.657Z error: [4m[31mMongoDB connection error: Could not connect to any servers in your MongoDB Atlas cluster. One common reason is that you're trying to access the database from an IP that isn't whitelisted. Make sure your current IP address is on your Atlas cluster's IP whitelist: https://www.mongodb.com/docs/atlas/security-whitelist/[39m[24m
2024-08-20T10:49:33.410Z error: [4m[31mMongoDB connection error: querySrv ETIMEOUT _mongodb._tcp.crm-airvent.ahztayi.mongodb.net[39m[24m
2024-08-26T04:58:00.625Z error: [4m[31mMongoDB connection error: Could not connect to any servers in your MongoDB Atlas cluster. One common reason is that you're trying to access the database from an IP that isn't whitelisted. Make sure your current IP address is on your Atlas cluster's IP whitelist: https://www.mongodb.com/docs/atlas/security-whitelist/[39m[24m
2024-08-26T04:59:15.846Z error: [4m[31mMongoDB connection error: Could not connect to any servers in your MongoDB Atlas cluster. One common reason is that you're trying to access the database from an IP that isn't whitelisted. Make sure your current IP address is on your Atlas cluster's IP whitelist: https://www.mongodb.com/docs/atlas/security-whitelist/[39m[24m
2024-10-10T06:17:08.698Z error: [4m[31mMongoDB connection error: querySrv ETIMEOUT _mongodb._tcp.crm-airvent.ahztayi.mongodb.net[39m[24m
2024-10-10T06:17:36.556Z error: [4m[31mMongoDB connection error: querySrv ETIMEOUT _mongodb._tcp.crm-airvent.ahztayi.mongodb.net[39m[24m
2024-10-10T06:18:04.087Z error: [4m[31mMongoDB connection error: querySrv ETIMEOUT _mongodb._tcp.crm-airvent.ahztayi.mongodb.net[39m[24m
